  CreateBackground.cpp
D:\Projects\CPP\Zombie-Arena\Zombie Arena\CreateBackground.cpp(26,64): warning C4244:  'argument': conversion from 'int' to 'T', possible loss of data
D:\Projects\CPP\Zombie-Arena\Zombie Arena\CreateBackground.cpp(26,64): warning C4244:         with
D:\Projects\CPP\Zombie-Arena\Zombie Arena\CreateBackground.cpp(26,64): warning C4244:         [
D:\Projects\CPP\Zombie-Arena\Zombie Arena\CreateBackground.cpp(26,64): warning C4244:             T=float
D:\Projects\CPP\Zombie-Arena\Zombie Arena\CreateBackground.cpp(26,64): warning C4244:         ]
D:\Projects\CPP\Zombie-Arena\Zombie Arena\CreateBackground.cpp(26,49): warning C4244:  'argument': conversion from 'int' to 'T', possible loss of data
D:\Projects\CPP\Zombie-Arena\Zombie Arena\CreateBackground.cpp(26,49): warning C4244:         with
D:\Projects\CPP\Zombie-Arena\Zombie Arena\CreateBackground.cpp(26,49): warning C4244:         [
D:\Projects\CPP\Zombie-Arena\Zombie Arena\CreateBackground.cpp(26,49): warning C4244:             T=float
D:\Projects\CPP\Zombie-Arena\Zombie Arena\CreateBackground.cpp(26,49): warning C4244:         ]
D:\Projects\CPP\Zombie-Arena\Zombie Arena\CreateBackground.cpp(27,78): warning C4244:  'argument': conversion from 'int' to 'T', possible loss of data
D:\Projects\CPP\Zombie-Arena\Zombie Arena\CreateBackground.cpp(27,78): warning C4244:         with
D:\Projects\CPP\Zombie-Arena\Zombie Arena\CreateBackground.cpp(27,78): warning C4244:         [
D:\Projects\CPP\Zombie-Arena\Zombie Arena\CreateBackground.cpp(27,78): warning C4244:             T=float
D:\Projects\CPP\Zombie-Arena\Zombie Arena\CreateBackground.cpp(27,78): warning C4244:         ]
D:\Projects\CPP\Zombie-Arena\Zombie Arena\CreateBackground.cpp(27,63): warning C4244:  'argument': conversion from 'int' to 'T', possible loss of data
D:\Projects\CPP\Zombie-Arena\Zombie Arena\CreateBackground.cpp(27,63): warning C4244:         with
D:\Projects\CPP\Zombie-Arena\Zombie Arena\CreateBackground.cpp(27,63): warning C4244:         [
D:\Projects\CPP\Zombie-Arena\Zombie Arena\CreateBackground.cpp(27,63): warning C4244:             T=float
D:\Projects\CPP\Zombie-Arena\Zombie Arena\CreateBackground.cpp(27,63): warning C4244:         ]
D:\Projects\CPP\Zombie-Arena\Zombie Arena\CreateBackground.cpp(28,92): warning C4244:  'argument': conversion from 'int' to 'T', possible loss of data
D:\Projects\CPP\Zombie-Arena\Zombie Arena\CreateBackground.cpp(28,92): warning C4244:         with
D:\Projects\CPP\Zombie-Arena\Zombie Arena\CreateBackground.cpp(28,92): warning C4244:         [
D:\Projects\CPP\Zombie-Arena\Zombie Arena\CreateBackground.cpp(28,92): warning C4244:             T=float
D:\Projects\CPP\Zombie-Arena\Zombie Arena\CreateBackground.cpp(28,92): warning C4244:         ]
D:\Projects\CPP\Zombie-Arena\Zombie Arena\CreateBackground.cpp(28,63): warning C4244:  'argument': conversion from 'int' to 'T', possible loss of data
D:\Projects\CPP\Zombie-Arena\Zombie Arena\CreateBackground.cpp(28,63): warning C4244:         with
D:\Projects\CPP\Zombie-Arena\Zombie Arena\CreateBackground.cpp(28,63): warning C4244:         [
D:\Projects\CPP\Zombie-Arena\Zombie Arena\CreateBackground.cpp(28,63): warning C4244:             T=float
D:\Projects\CPP\Zombie-Arena\Zombie Arena\CreateBackground.cpp(28,63): warning C4244:         ]
D:\Projects\CPP\Zombie-Arena\Zombie Arena\CreateBackground.cpp(29,78): warning C4244:  'argument': conversion from 'int' to 'T', possible loss of data
D:\Projects\CPP\Zombie-Arena\Zombie Arena\CreateBackground.cpp(29,78): warning C4244:         with
D:\Projects\CPP\Zombie-Arena\Zombie Arena\CreateBackground.cpp(29,78): warning C4244:         [
D:\Projects\CPP\Zombie-Arena\Zombie Arena\CreateBackground.cpp(29,78): warning C4244:             T=float
D:\Projects\CPP\Zombie-Arena\Zombie Arena\CreateBackground.cpp(29,78): warning C4244:         ]
D:\Projects\CPP\Zombie-Arena\Zombie Arena\CreateBackground.cpp(29,49): warning C4244:  'argument': conversion from 'int' to 'T', possible loss of data
D:\Projects\CPP\Zombie-Arena\Zombie Arena\CreateBackground.cpp(29,49): warning C4244:         with
D:\Projects\CPP\Zombie-Arena\Zombie Arena\CreateBackground.cpp(29,49): warning C4244:         [
D:\Projects\CPP\Zombie-Arena\Zombie Arena\CreateBackground.cpp(29,49): warning C4244:             T=float
D:\Projects\CPP\Zombie-Arena\Zombie Arena\CreateBackground.cpp(29,49): warning C4244:         ]
D:\Projects\CPP\Zombie-Arena\Zombie Arena\CreateBackground.cpp(47,54): warning C4244:  'argument': conversion from 'int' to 'T', possible loss of data
D:\Projects\CPP\Zombie-Arena\Zombie Arena\CreateBackground.cpp(47,54): warning C4244:         with
D:\Projects\CPP\Zombie-Arena\Zombie Arena\CreateBackground.cpp(47,54): warning C4244:         [
D:\Projects\CPP\Zombie-Arena\Zombie Arena\CreateBackground.cpp(47,54): warning C4244:             T=float
D:\Projects\CPP\Zombie-Arena\Zombie Arena\CreateBackground.cpp(47,54): warning C4244:         ]
D:\Projects\CPP\Zombie-Arena\Zombie Arena\CreateBackground.cpp(48,62): warning C4244:  'argument': conversion from 'int' to 'T', possible loss of data
D:\Projects\CPP\Zombie-Arena\Zombie Arena\CreateBackground.cpp(48,62): warning C4244:         with
D:\Projects\CPP\Zombie-Arena\Zombie Arena\CreateBackground.cpp(48,62): warning C4244:         [
D:\Projects\CPP\Zombie-Arena\Zombie Arena\CreateBackground.cpp(48,62): warning C4244:             T=float
D:\Projects\CPP\Zombie-Arena\Zombie Arena\CreateBackground.cpp(48,62): warning C4244:         ]
D:\Projects\CPP\Zombie-Arena\Zombie Arena\CreateBackground.cpp(49,70): warning C4244:  'argument': conversion from 'int' to 'T', possible loss of data
D:\Projects\CPP\Zombie-Arena\Zombie Arena\CreateBackground.cpp(49,70): warning C4244:         with
D:\Projects\CPP\Zombie-Arena\Zombie Arena\CreateBackground.cpp(49,70): warning C4244:         [
D:\Projects\CPP\Zombie-Arena\Zombie Arena\CreateBackground.cpp(49,70): warning C4244:             T=float
D:\Projects\CPP\Zombie-Arena\Zombie Arena\CreateBackground.cpp(49,70): warning C4244:         ]
D:\Projects\CPP\Zombie-Arena\Zombie Arena\CreateBackground.cpp(50,62): warning C4244:  'argument': conversion from 'int' to 'T', possible loss of data
D:\Projects\CPP\Zombie-Arena\Zombie Arena\CreateBackground.cpp(50,62): warning C4244:         with
D:\Projects\CPP\Zombie-Arena\Zombie Arena\CreateBackground.cpp(50,62): warning C4244:         [
D:\Projects\CPP\Zombie-Arena\Zombie Arena\CreateBackground.cpp(50,62): warning C4244:             T=float
D:\Projects\CPP\Zombie-Arena\Zombie Arena\CreateBackground.cpp(50,62): warning C4244:         ]
  Zombie Arena.vcxproj -> D:\Projects\CPP\Zombie-Arena\x64\Debug\Zombie Arena.exe
